<?xml version="1.0" encoding="UTF-8"?>
<TestRun id="5713fcdf-abef-4930-aed6-e996dec4ceee" name="sabau@DESKTOP-JU1GN0A 2017-12-11 23:36:15" runUser="DESKTOP-JU1GN0A\sabau" xmlns="http://microsoft.com/schemas/VisualStudio/TeamTest/2010">
  <TestSettings name="Local" id="04f519bd-0779-4c26-ba76-d1c6d9f649cf">
    <Description>These are default test settings for a local test run.</Description>
    <Deployment enabled="false" runDeploymentRoot="sabau_DESKTOP-JU1GN0A 2017-12-11 23_36_15">
      <DeploymentItem filename="C:\Users\sabau\Desktop\Conversii Logica Computationala\Conversii\Conversii\bin\Debug\Conversii.exe" />
    </Deployment>
    <Execution>
      <TestTypeSpecific />
      <AgentRule name="Execution Agents">
      </AgentRule>
    </Execution>
  </TestSettings>
  <Times creation="2017-12-11T23:36:15.2515992+02:00" queuing="2017-12-11T23:36:15.2615942+02:00" start="2017-12-11T23:36:15.2655971+02:00" finish="2017-12-11T23:36:15.5625622+02:00" />
  <ResultSummary outcome="Failed">
    <Counters total="10" executed="10" passed="8" error="0" failed="2" timeout="0" aborted="0" inconclusive="0" passedButRunAborted="0" notRunnable="0" notExecuted="0" disconnected="0" warning="0" completed="0" inProgress="0" pending="0" />
    <RunInfos>
      <RunInfo computerName="DESKTOP-JU1GN0A" outcome="Warning" timestamp="2017-12-11T23:36:15.2615942+02:00">
        <Text>Deployment is currently disabled. The deployment item 'Conversii.exe' on test 'ApplicationTests.ArithmeticTest.computeAdditionTest' was not deployed.</Text>
      </RunInfo>
    </RunInfos>
  </ResultSummary>
  <TestDefinitions>
    <UnitTest name="computeAdditionTest" storage="c:\users\sabau\desktop\conversii logica computationala\conversii\applicationtests\bin\debug\applicationtests.dll" id="d5d38560-7b0f-1787-7f0b-7f47f3114e52">
      <DeploymentItems>
        <DeploymentItem filename="Conversii.exe" />
      </DeploymentItems>
      <Execution id="8a399dbf-9117-4e87-92a6-eb57ab6959c7" />
      <TestMethod codeBase="C:/Users/sabau/Desktop/Conversii Logica Computationala/Conversii/ApplicationTests/bin/Debug/ApplicationTests.DLL" adapterTypeName="Microsoft.VisualStudio.TestTools.TestTypes.Unit.UnitTestAdapter, Microsoft.VisualStudio.QualityTools.Tips.UnitTest.Adapter, Version=10.0.0.0, Culture=neutral, PublicKeyToken=b03f5f7f11d50a3a" className="ApplicationTests.ArithmeticTest, ApplicationTests, Version=1.0.0.0, Culture=neutral, PublicKeyToken=null" name="computeAdditionTest" />
    </UnitTest>
    <UnitTest name="computeSubtractionTest" storage="c:\users\sabau\desktop\conversii logica computationala\conversii\applicationtests\bin\debug\applicationtests.dll" id="bcdcf49c-8a4c-74b3-3564-f47aa9cfbf59">
      <DeploymentItems>
        <DeploymentItem filename="Conversii.exe" />
      </DeploymentItems>
      <Execution id="ebab22b5-36db-4465-89a7-d36da8bdcf68" />
      <TestMethod codeBase="C:/Users/sabau/Desktop/Conversii Logica Computationala/Conversii/ApplicationTests/bin/Debug/ApplicationTests.DLL" adapterTypeName="Microsoft.VisualStudio.TestTools.TestTypes.Unit.UnitTestAdapter, Microsoft.VisualStudio.QualityTools.Tips.UnitTest.Adapter, Version=10.0.0.0, Culture=neutral, PublicKeyToken=b03f5f7f11d50a3a" className="ApplicationTests.ArithmeticTest, ApplicationTests, Version=1.0.0.0, Culture=neutral, PublicKeyToken=null" name="computeSubtractionTest" />
    </UnitTest>
    <UnitTest name="getCharTest" storage="c:\users\sabau\desktop\conversii logica computationala\conversii\applicationtests\bin\debug\applicationtests.dll" id="90802c43-5ea4-b56d-6691-035a0c49992f">
      <DeploymentItems>
        <DeploymentItem filename="Conversii.exe" />
      </DeploymentItems>
      <Execution id="49281138-2d1a-4544-8f45-fbeeeb600280" />
      <TestMethod codeBase="C:/Users/sabau/Desktop/Conversii Logica Computationala/Conversii/ApplicationTests/bin/Debug/ApplicationTests.DLL" adapterTypeName="Microsoft.VisualStudio.TestTools.TestTypes.Unit.UnitTestAdapter, Microsoft.VisualStudio.QualityTools.Tips.UnitTest.Adapter, Version=10.0.0.0, Culture=neutral, PublicKeyToken=b03f5f7f11d50a3a" className="ApplicationTests.ConversionsTest, ApplicationTests, Version=1.0.0.0, Culture=neutral, PublicKeyToken=null" name="getCharTest" />
    </UnitTest>
    <UnitTest name="substitutionMethodTest" storage="c:\users\sabau\desktop\conversii logica computationala\conversii\applicationtests\bin\debug\applicationtests.dll" id="47d8073a-57f8-b49d-9b39-3d946487a063">
      <DeploymentItems>
        <DeploymentItem filename="Conversii.exe" />
      </DeploymentItems>
      <Execution id="8a22a42a-8ea5-42e6-a0b7-9c3d26b70629" />
      <TestMethod codeBase="C:/Users/sabau/Desktop/Conversii Logica Computationala/Conversii/ApplicationTests/bin/Debug/ApplicationTests.DLL" adapterTypeName="Microsoft.VisualStudio.TestTools.TestTypes.Unit.UnitTestAdapter, Microsoft.VisualStudio.QualityTools.Tips.UnitTest.Adapter, Version=10.0.0.0, Culture=neutral, PublicKeyToken=b03f5f7f11d50a3a" className="ApplicationTests.ConversionsTest, ApplicationTests, Version=1.0.0.0, Culture=neutral, PublicKeyToken=null" name="substitutionMethodTest" />
    </UnitTest>
    <UnitTest name="fromBaseToBaseTest" storage="c:\users\sabau\desktop\conversii logica computationala\conversii\applicationtests\bin\debug\applicationtests.dll" id="a0fa8fdb-c5aa-1e00-3fb5-acf0d7a54042">
      <DeploymentItems>
        <DeploymentItem filename="Conversii.exe" />
      </DeploymentItems>
      <Execution id="b4c94031-7445-48f5-ae1c-e2895ed8d578" />
      <TestMethod codeBase="C:/Users/sabau/Desktop/Conversii Logica Computationala/Conversii/ApplicationTests/bin/Debug/ApplicationTests.DLL" adapterTypeName="Microsoft.VisualStudio.TestTools.TestTypes.Unit.UnitTestAdapter, Microsoft.VisualStudio.QualityTools.Tips.UnitTest.Adapter, Version=10.0.0.0, Culture=neutral, PublicKeyToken=b03f5f7f11d50a3a" className="ApplicationTests.ConversionsTest, ApplicationTests, Version=1.0.0.0, Culture=neutral, PublicKeyToken=null" name="fromBaseToBaseTest" />
    </UnitTest>
    <UnitTest name="computeDivisionTest" storage="c:\users\sabau\desktop\conversii logica computationala\conversii\applicationtests\bin\debug\applicationtests.dll" id="c87b4183-b021-215b-baae-8aa8fe72f2c7">
      <DeploymentItems>
        <DeploymentItem filename="Conversii.exe" />
      </DeploymentItems>
      <Execution id="780adce3-c9d4-4621-aaa1-afcd1df19fc0" />
      <TestMethod codeBase="C:/Users/sabau/Desktop/Conversii Logica Computationala/Conversii/ApplicationTests/bin/Debug/ApplicationTests.DLL" adapterTypeName="Microsoft.VisualStudio.TestTools.TestTypes.Unit.UnitTestAdapter, Microsoft.VisualStudio.QualityTools.Tips.UnitTest.Adapter, Version=10.0.0.0, Culture=neutral, PublicKeyToken=b03f5f7f11d50a3a" className="ApplicationTests.ArithmeticTest, ApplicationTests, Version=1.0.0.0, Culture=neutral, PublicKeyToken=null" name="computeDivisionTest" />
    </UnitTest>
    <UnitTest name="computeMultiplicationTest" storage="c:\users\sabau\desktop\conversii logica computationala\conversii\applicationtests\bin\debug\applicationtests.dll" id="8dbf2887-d3b8-a404-08fb-68c241a8f0af">
      <DeploymentItems>
        <DeploymentItem filename="Conversii.exe" />
      </DeploymentItems>
      <Execution id="bc1e87d9-e824-4182-ba2c-2de42a4b4b4e" />
      <TestMethod codeBase="C:/Users/sabau/Desktop/Conversii Logica Computationala/Conversii/ApplicationTests/bin/Debug/ApplicationTests.DLL" adapterTypeName="Microsoft.VisualStudio.TestTools.TestTypes.Unit.UnitTestAdapter, Microsoft.VisualStudio.QualityTools.Tips.UnitTest.Adapter, Version=10.0.0.0, Culture=neutral, PublicKeyToken=b03f5f7f11d50a3a" className="ApplicationTests.ArithmeticTest, ApplicationTests, Version=1.0.0.0, Culture=neutral, PublicKeyToken=null" name="computeMultiplicationTest" />
    </UnitTest>
    <UnitTest name="rapidConversionTest" storage="c:\users\sabau\desktop\conversii logica computationala\conversii\applicationtests\bin\debug\applicationtests.dll" id="a5f35e8e-293e-68f7-5dcb-1d7e4fe6bae6">
      <DeploymentItems>
        <DeploymentItem filename="Conversii.exe" />
      </DeploymentItems>
      <Execution id="27212159-07b9-40a6-bb95-a10d558b0072" />
      <TestMethod codeBase="C:/Users/sabau/Desktop/Conversii Logica Computationala/Conversii/ApplicationTests/bin/Debug/ApplicationTests.DLL" adapterTypeName="Microsoft.VisualStudio.TestTools.TestTypes.Unit.UnitTestAdapter, Microsoft.VisualStudio.QualityTools.Tips.UnitTest.Adapter, Version=10.0.0.0, Culture=neutral, PublicKeyToken=b03f5f7f11d50a3a" className="ApplicationTests.ConversionsTest, ApplicationTests, Version=1.0.0.0, Culture=neutral, PublicKeyToken=null" name="rapidConversionTest" />
    </UnitTest>
    <UnitTest name="getIntTest" storage="c:\users\sabau\desktop\conversii logica computationala\conversii\applicationtests\bin\debug\applicationtests.dll" id="8da5f0ff-5363-92fd-496d-3cbfca523cb9">
      <DeploymentItems>
        <DeploymentItem filename="Conversii.exe" />
      </DeploymentItems>
      <Execution id="db5556c8-4f5b-445d-978e-185621fffd70" />
      <TestMethod codeBase="C:/Users/sabau/Desktop/Conversii Logica Computationala/Conversii/ApplicationTests/bin/Debug/ApplicationTests.DLL" adapterTypeName="Microsoft.VisualStudio.TestTools.TestTypes.Unit.UnitTestAdapter, Microsoft.VisualStudio.QualityTools.Tips.UnitTest.Adapter, Version=10.0.0.0, Culture=neutral, PublicKeyToken=b03f5f7f11d50a3a" className="ApplicationTests.ConversionsTest, ApplicationTests, Version=1.0.0.0, Culture=neutral, PublicKeyToken=null" name="getIntTest" />
    </UnitTest>
    <UnitTest name="reversedStringTest" storage="c:\users\sabau\desktop\conversii logica computationala\conversii\applicationtests\bin\debug\applicationtests.dll" id="89a3f76a-9557-31ab-05ac-c30ddd1bb125">
      <DeploymentItems>
        <DeploymentItem filename="Conversii.exe" />
      </DeploymentItems>
      <Execution id="4b3dc1a5-d6fb-4880-8216-ec20411bde15" />
      <TestMethod codeBase="C:/Users/sabau/Desktop/Conversii Logica Computationala/Conversii/ApplicationTests/bin/Debug/ApplicationTests.DLL" adapterTypeName="Microsoft.VisualStudio.TestTools.TestTypes.Unit.UnitTestAdapter, Microsoft.VisualStudio.QualityTools.Tips.UnitTest.Adapter, Version=10.0.0.0, Culture=neutral, PublicKeyToken=b03f5f7f11d50a3a" className="ApplicationTests.ArithmeticTest, ApplicationTests, Version=1.0.0.0, Culture=neutral, PublicKeyToken=null" name="reversedStringTest" />
    </UnitTest>
  </TestDefinitions>
  <TestLists>
    <TestList name="Results Not in a List" id="8c84fa94-04c1-424b-9868-57a2d4851a1d" />
    <TestList name="All Loaded Results" id="19431567-8539-422a-85d7-44ee4e166bda" />
  </TestLists>
  <TestEntries>
    <TestEntry testId="47d8073a-57f8-b49d-9b39-3d946487a063" executionId="8a22a42a-8ea5-42e6-a0b7-9c3d26b70629" testListId="8c84fa94-04c1-424b-9868-57a2d4851a1d" />
    <TestEntry testId="89a3f76a-9557-31ab-05ac-c30ddd1bb125" executionId="4b3dc1a5-d6fb-4880-8216-ec20411bde15" testListId="8c84fa94-04c1-424b-9868-57a2d4851a1d" />
    <TestEntry testId="8da5f0ff-5363-92fd-496d-3cbfca523cb9" executionId="db5556c8-4f5b-445d-978e-185621fffd70" testListId="8c84fa94-04c1-424b-9868-57a2d4851a1d" />
    <TestEntry testId="8dbf2887-d3b8-a404-08fb-68c241a8f0af" executionId="bc1e87d9-e824-4182-ba2c-2de42a4b4b4e" testListId="8c84fa94-04c1-424b-9868-57a2d4851a1d" />
    <TestEntry testId="90802c43-5ea4-b56d-6691-035a0c49992f" executionId="49281138-2d1a-4544-8f45-fbeeeb600280" testListId="8c84fa94-04c1-424b-9868-57a2d4851a1d" />
    <TestEntry testId="a0fa8fdb-c5aa-1e00-3fb5-acf0d7a54042" executionId="b4c94031-7445-48f5-ae1c-e2895ed8d578" testListId="8c84fa94-04c1-424b-9868-57a2d4851a1d" />
    <TestEntry testId="a5f35e8e-293e-68f7-5dcb-1d7e4fe6bae6" executionId="27212159-07b9-40a6-bb95-a10d558b0072" testListId="8c84fa94-04c1-424b-9868-57a2d4851a1d" />
    <TestEntry testId="bcdcf49c-8a4c-74b3-3564-f47aa9cfbf59" executionId="ebab22b5-36db-4465-89a7-d36da8bdcf68" testListId="8c84fa94-04c1-424b-9868-57a2d4851a1d" />
    <TestEntry testId="c87b4183-b021-215b-baae-8aa8fe72f2c7" executionId="780adce3-c9d4-4621-aaa1-afcd1df19fc0" testListId="8c84fa94-04c1-424b-9868-57a2d4851a1d" />
    <TestEntry testId="d5d38560-7b0f-1787-7f0b-7f47f3114e52" executionId="8a399dbf-9117-4e87-92a6-eb57ab6959c7" testListId="8c84fa94-04c1-424b-9868-57a2d4851a1d" />
  </TestEntries>
  <Results>
    <UnitTestResult executionId="8a22a42a-8ea5-42e6-a0b7-9c3d26b70629" testId="47d8073a-57f8-b49d-9b39-3d946487a063" testName="substitutionMethodTest" computerName="DESKTOP-JU1GN0A" duration="00:00:00.0248354" startTime="2017-12-11T23:36:15.2665978+02:00" endTime="2017-12-11T23:36:15.4231451+02:00" testType="13cdc9d9-ddb5-4fa4-a97d-d965ccfc6d4b" outcome="Passed" testListId="8c84fa94-04c1-424b-9868-57a2d4851a1d" relativeResultsDirectory="8a22a42a-8ea5-42e6-a0b7-9c3d26b70629">
    </UnitTestResult>
    <UnitTestResult executionId="4b3dc1a5-d6fb-4880-8216-ec20411bde15" testId="89a3f76a-9557-31ab-05ac-c30ddd1bb125" testName="reversedStringTest" computerName="DESKTOP-JU1GN0A" duration="00:00:00.0121676" startTime="2017-12-11T23:36:15.4241458+02:00" endTime="2017-12-11T23:36:15.4395743+02:00" testType="13cdc9d9-ddb5-4fa4-a97d-d965ccfc6d4b" outcome="Passed" testListId="8c84fa94-04c1-424b-9868-57a2d4851a1d" relativeResultsDirectory="4b3dc1a5-d6fb-4880-8216-ec20411bde15">
    </UnitTestResult>
    <UnitTestResult executionId="db5556c8-4f5b-445d-978e-185621fffd70" testId="8da5f0ff-5363-92fd-496d-3cbfca523cb9" testName="getIntTest" computerName="DESKTOP-JU1GN0A" duration="00:00:00.0083474" startTime="2017-12-11T23:36:15.4395743+02:00" endTime="2017-12-11T23:36:15.4509670+02:00" testType="13cdc9d9-ddb5-4fa4-a97d-d965ccfc6d4b" outcome="Passed" testListId="8c84fa94-04c1-424b-9868-57a2d4851a1d" relativeResultsDirectory="db5556c8-4f5b-445d-978e-185621fffd70">
    </UnitTestResult>
    <UnitTestResult executionId="bc1e87d9-e824-4182-ba2c-2de42a4b4b4e" testId="8dbf2887-d3b8-a404-08fb-68c241a8f0af" testName="computeMultiplicationTest" computerName="DESKTOP-JU1GN0A" duration="00:00:00.0182675" startTime="2017-12-11T23:36:15.4519677+02:00" endTime="2017-12-11T23:36:15.4735819+02:00" testType="13cdc9d9-ddb5-4fa4-a97d-d965ccfc6d4b" outcome="Failed" testListId="8c84fa94-04c1-424b-9868-57a2d4851a1d" relativeResultsDirectory="bc1e87d9-e824-4182-ba2c-2de42a4b4b4e">
      <Output>
        <ErrorInfo>
          <Message>Assert.AreEqual failed. Expected:&lt;8B97523&gt;. Actual:&lt;D6C16AC&gt;. </Message>
          <StackTrace>   at ApplicationTests.ArithmeticTest.computeMultiplicationTest() in C:\Users\sabau\Desktop\Conversii Logica Computationala\Conversii\ApplicationTests\ArithmeticTest.cs:line 107
</StackTrace>
        </ErrorInfo>
      </Output>
    </UnitTestResult>
    <UnitTestResult executionId="49281138-2d1a-4544-8f45-fbeeeb600280" testId="90802c43-5ea4-b56d-6691-035a0c49992f" testName="getCharTest" computerName="DESKTOP-JU1GN0A" duration="00:00:00.0077753" startTime="2017-12-11T23:36:15.4735819+02:00" endTime="2017-12-11T23:36:15.4845749+02:00" testType="13cdc9d9-ddb5-4fa4-a97d-d965ccfc6d4b" outcome="Passed" testListId="8c84fa94-04c1-424b-9868-57a2d4851a1d" relativeResultsDirectory="49281138-2d1a-4544-8f45-fbeeeb600280">
    </UnitTestResult>
    <UnitTestResult executionId="b4c94031-7445-48f5-ae1c-e2895ed8d578" testId="a0fa8fdb-c5aa-1e00-3fb5-acf0d7a54042" testName="fromBaseToBaseTest" computerName="DESKTOP-JU1GN0A" duration="00:00:00.0080316" startTime="2017-12-11T23:36:15.4855635+02:00" endTime="2017-12-11T23:36:15.4954472+02:00" testType="13cdc9d9-ddb5-4fa4-a97d-d965ccfc6d4b" outcome="Passed" testListId="8c84fa94-04c1-424b-9868-57a2d4851a1d" relativeResultsDirectory="b4c94031-7445-48f5-ae1c-e2895ed8d578">
    </UnitTestResult>
    <UnitTestResult executionId="27212159-07b9-40a6-bb95-a10d558b0072" testId="a5f35e8e-293e-68f7-5dcb-1d7e4fe6bae6" testName="rapidConversionTest" computerName="DESKTOP-JU1GN0A" duration="00:00:00.0089870" startTime="2017-12-11T23:36:15.4964497+02:00" endTime="2017-12-11T23:36:15.5082654+02:00" testType="13cdc9d9-ddb5-4fa4-a97d-d965ccfc6d4b" outcome="Passed" testListId="8c84fa94-04c1-424b-9868-57a2d4851a1d" relativeResultsDirectory="27212159-07b9-40a6-bb95-a10d558b0072">
    </UnitTestResult>
    <UnitTestResult executionId="ebab22b5-36db-4465-89a7-d36da8bdcf68" testId="bcdcf49c-8a4c-74b3-3564-f47aa9cfbf59" testName="computeSubtractionTest" computerName="DESKTOP-JU1GN0A" duration="00:00:00.0147459" startTime="2017-12-11T23:36:15.5092661+02:00" endTime="2017-12-11T23:36:15.5262779+02:00" testType="13cdc9d9-ddb5-4fa4-a97d-d965ccfc6d4b" outcome="Failed" testListId="8c84fa94-04c1-424b-9868-57a2d4851a1d" relativeResultsDirectory="ebab22b5-36db-4465-89a7-d36da8bdcf68">
      <Output>
        <ErrorInfo>
          <Message>Test method ApplicationTests.ArithmeticTest.computeSubtractionTest threw exception: 
System.IndexOutOfRangeException: Index was outside the bounds of the array.</Message>
          <StackTrace>   at Conversii.Arithmetic_Accessor.computeSubtraction(String x, String digit, Int32 bNum)
   at ApplicationTests.ArithmeticTest.computeSubtractionTest() in C:\Users\sabau\Desktop\Conversii Logica Computationala\Conversii\ApplicationTests\ArithmeticTest.cs:line 125
</StackTrace>
        </ErrorInfo>
      </Output>
    </UnitTestResult>
    <UnitTestResult executionId="780adce3-c9d4-4621-aaa1-afcd1df19fc0" testId="c87b4183-b021-215b-baae-8aa8fe72f2c7" testName="computeDivisionTest" computerName="DESKTOP-JU1GN0A" duration="00:00:00.0098779" startTime="2017-12-11T23:36:15.5272789+02:00" endTime="2017-12-11T23:36:15.5399887+02:00" testType="13cdc9d9-ddb5-4fa4-a97d-d965ccfc6d4b" outcome="Passed" testListId="8c84fa94-04c1-424b-9868-57a2d4851a1d" relativeResultsDirectory="780adce3-c9d4-4621-aaa1-afcd1df19fc0">
    </UnitTestResult>
    <UnitTestResult executionId="8a399dbf-9117-4e87-92a6-eb57ab6959c7" testId="d5d38560-7b0f-1787-7f0b-7f47f3114e52" testName="computeAdditionTest" computerName="DESKTOP-JU1GN0A" duration="00:00:00.0102232" startTime="2017-12-11T23:36:15.5399887+02:00" endTime="2017-12-11T23:36:15.5535543+02:00" testType="13cdc9d9-ddb5-4fa4-a97d-d965ccfc6d4b" outcome="Passed" testListId="8c84fa94-04c1-424b-9868-57a2d4851a1d" relativeResultsDirectory="8a399dbf-9117-4e87-92a6-eb57ab6959c7">
    </UnitTestResult>
  </Results>
</TestRun>