<?xml version="1.0" encoding="UTF-8"?>
<TestRun id="41b13ecc-4667-4671-9164-4d170274e942" name="sabau@DESKTOP-JU1GN0A 2017-12-13 20:55:25" runUser="DESKTOP-JU1GN0A\sabau" xmlns="http://microsoft.com/schemas/VisualStudio/TeamTest/2010">
  <TestSettings name="Local" id="04f519bd-0779-4c26-ba76-d1c6d9f649cf">
    <Description>These are default test settings for a local test run.</Description>
    <Deployment enabled="false" runDeploymentRoot="sabau_DESKTOP-JU1GN0A 2017-12-13 20_55_25">
      <DeploymentItem filename="C:\Users\sabau\Desktop\Conversii Logica Computationala\Conversii\Conversii\bin\Debug\Conversii.exe" />
    </Deployment>
    <Execution>
      <TestTypeSpecific />
      <AgentRule name="Execution Agents">
      </AgentRule>
    </Execution>
  </TestSettings>
  <Times creation="2017-12-13T20:55:25.3873760+02:00" queuing="2017-12-13T20:55:25.4030028+02:00" start="2017-12-13T20:55:25.4186333+02:00" finish="2017-12-13T20:55:25.7192855+02:00" />
  <ResultSummary outcome="Warning">
    <Counters total="11" executed="11" passed="11" error="0" failed="0" timeout="0" aborted="0" inconclusive="0" passedButRunAborted="0" notRunnable="0" notExecuted="0" disconnected="0" warning="0" completed="0" inProgress="0" pending="0" />
    <RunInfos>
      <RunInfo computerName="DESKTOP-JU1GN0A" outcome="Warning" timestamp="2017-12-13T20:55:25.4030028+02:00">
        <Text>Deployment is currently disabled. The deployment item 'Conversii.exe' on test 'ApplicationTests.ArithmeticTest.computeAdditionTest' was not deployed.</Text>
      </RunInfo>
    </RunInfos>
  </ResultSummary>
  <TestDefinitions>
    <UnitTest name="computeAdditionTest" storage="c:\users\sabau\desktop\conversii logica computationala\conversii\applicationtests\bin\debug\applicationtests.dll" id="d5d38560-7b0f-1787-7f0b-7f47f3114e52">
      <DeploymentItems>
        <DeploymentItem filename="Conversii.exe" />
      </DeploymentItems>
      <Execution id="d87bffe9-dc14-4674-8ae6-cb24d089e240" />
      <TestMethod codeBase="C:/Users/sabau/Desktop/Conversii Logica Computationala/Conversii/ApplicationTests/bin/Debug/ApplicationTests.DLL" adapterTypeName="Microsoft.VisualStudio.TestTools.TestTypes.Unit.UnitTestAdapter, Microsoft.VisualStudio.QualityTools.Tips.UnitTest.Adapter, Version=10.0.0.0, Culture=neutral, PublicKeyToken=b03f5f7f11d50a3a" className="ApplicationTests.ArithmeticTest, ApplicationTests, Version=1.0.0.0, Culture=neutral, PublicKeyToken=null" name="computeAdditionTest" />
    </UnitTest>
    <UnitTest name="substitutionMethodTest" storage="c:\users\sabau\desktop\conversii logica computationala\conversii\applicationtests\bin\debug\applicationtests.dll" id="47d8073a-57f8-b49d-9b39-3d946487a063">
      <DeploymentItems>
        <DeploymentItem filename="Conversii.exe" />
      </DeploymentItems>
      <Execution id="9190d7f8-564d-4ab7-9a3a-a032a27cbe86" />
      <TestMethod codeBase="C:/Users/sabau/Desktop/Conversii Logica Computationala/Conversii/ApplicationTests/bin/Debug/ApplicationTests.DLL" adapterTypeName="Microsoft.VisualStudio.TestTools.TestTypes.Unit.UnitTestAdapter, Microsoft.VisualStudio.QualityTools.Tips.UnitTest.Adapter, Version=10.0.0.0, Culture=neutral, PublicKeyToken=b03f5f7f11d50a3a" className="ApplicationTests.ConversionsTest, ApplicationTests, Version=1.0.0.0, Culture=neutral, PublicKeyToken=null" name="substitutionMethodTest" />
    </UnitTest>
    <UnitTest name="computeSubtractionTest" storage="c:\users\sabau\desktop\conversii logica computationala\conversii\applicationtests\bin\debug\applicationtests.dll" id="bcdcf49c-8a4c-74b3-3564-f47aa9cfbf59">
      <DeploymentItems>
        <DeploymentItem filename="Conversii.exe" />
      </DeploymentItems>
      <Execution id="c3ab9080-dffb-4035-be8d-31a75f6aa75b" />
      <TestMethod codeBase="C:/Users/sabau/Desktop/Conversii Logica Computationala/Conversii/ApplicationTests/bin/Debug/ApplicationTests.DLL" adapterTypeName="Microsoft.VisualStudio.TestTools.TestTypes.Unit.UnitTestAdapter, Microsoft.VisualStudio.QualityTools.Tips.UnitTest.Adapter, Version=10.0.0.0, Culture=neutral, PublicKeyToken=b03f5f7f11d50a3a" className="ApplicationTests.ArithmeticTest, ApplicationTests, Version=1.0.0.0, Culture=neutral, PublicKeyToken=null" name="computeSubtractionTest" />
    </UnitTest>
    <UnitTest name="getCharTest" storage="c:\users\sabau\desktop\conversii logica computationala\conversii\applicationtests\bin\debug\applicationtests.dll" id="90802c43-5ea4-b56d-6691-035a0c49992f">
      <DeploymentItems>
        <DeploymentItem filename="Conversii.exe" />
      </DeploymentItems>
      <Execution id="41ed96b2-473c-4cb0-835e-1ff051cb8e01" />
      <TestMethod codeBase="C:/Users/sabau/Desktop/Conversii Logica Computationala/Conversii/ApplicationTests/bin/Debug/ApplicationTests.DLL" adapterTypeName="Microsoft.VisualStudio.TestTools.TestTypes.Unit.UnitTestAdapter, Microsoft.VisualStudio.QualityTools.Tips.UnitTest.Adapter, Version=10.0.0.0, Culture=neutral, PublicKeyToken=b03f5f7f11d50a3a" className="ApplicationTests.ConversionsTest, ApplicationTests, Version=1.0.0.0, Culture=neutral, PublicKeyToken=null" name="getCharTest" />
    </UnitTest>
    <UnitTest name="successveDivisionsTest" storage="c:\users\sabau\desktop\conversii logica computationala\conversii\applicationtests\bin\debug\applicationtests.dll" id="2873922c-3568-1e25-a9f6-79b11b5dd5a1">
      <DeploymentItems>
        <DeploymentItem filename="Conversii.exe" />
      </DeploymentItems>
      <Execution id="7d8c49f1-1ae7-4b62-bcfb-4c0ee036ba92" />
      <TestMethod codeBase="C:/Users/sabau/Desktop/Conversii Logica Computationala/Conversii/ApplicationTests/bin/Debug/ApplicationTests.DLL" adapterTypeName="Microsoft.VisualStudio.TestTools.TestTypes.Unit.UnitTestAdapter, Microsoft.VisualStudio.QualityTools.Tips.UnitTest.Adapter, Version=10.0.0.0, Culture=neutral, PublicKeyToken=b03f5f7f11d50a3a" className="ApplicationTests.ConversionsTest, ApplicationTests, Version=1.0.0.0, Culture=neutral, PublicKeyToken=null" name="successveDivisionsTest" />
    </UnitTest>
    <UnitTest name="fromBaseToBaseTest" storage="c:\users\sabau\desktop\conversii logica computationala\conversii\applicationtests\bin\debug\applicationtests.dll" id="a0fa8fdb-c5aa-1e00-3fb5-acf0d7a54042">
      <DeploymentItems>
        <DeploymentItem filename="Conversii.exe" />
      </DeploymentItems>
      <Execution id="0dd3bbf8-8468-48a9-97f4-c81d542cdabb" />
      <TestMethod codeBase="C:/Users/sabau/Desktop/Conversii Logica Computationala/Conversii/ApplicationTests/bin/Debug/ApplicationTests.DLL" adapterTypeName="Microsoft.VisualStudio.TestTools.TestTypes.Unit.UnitTestAdapter, Microsoft.VisualStudio.QualityTools.Tips.UnitTest.Adapter, Version=10.0.0.0, Culture=neutral, PublicKeyToken=b03f5f7f11d50a3a" className="ApplicationTests.ConversionsTest, ApplicationTests, Version=1.0.0.0, Culture=neutral, PublicKeyToken=null" name="fromBaseToBaseTest" />
    </UnitTest>
    <UnitTest name="computeDivisionTest" storage="c:\users\sabau\desktop\conversii logica computationala\conversii\applicationtests\bin\debug\applicationtests.dll" id="c87b4183-b021-215b-baae-8aa8fe72f2c7">
      <DeploymentItems>
        <DeploymentItem filename="Conversii.exe" />
      </DeploymentItems>
      <Execution id="a54f455b-73d3-4e16-a975-963b3752a458" />
      <TestMethod codeBase="C:/Users/sabau/Desktop/Conversii Logica Computationala/Conversii/ApplicationTests/bin/Debug/ApplicationTests.DLL" adapterTypeName="Microsoft.VisualStudio.TestTools.TestTypes.Unit.UnitTestAdapter, Microsoft.VisualStudio.QualityTools.Tips.UnitTest.Adapter, Version=10.0.0.0, Culture=neutral, PublicKeyToken=b03f5f7f11d50a3a" className="ApplicationTests.ArithmeticTest, ApplicationTests, Version=1.0.0.0, Culture=neutral, PublicKeyToken=null" name="computeDivisionTest" />
    </UnitTest>
    <UnitTest name="computeMultiplicationTest" storage="c:\users\sabau\desktop\conversii logica computationala\conversii\applicationtests\bin\debug\applicationtests.dll" id="8dbf2887-d3b8-a404-08fb-68c241a8f0af">
      <DeploymentItems>
        <DeploymentItem filename="Conversii.exe" />
      </DeploymentItems>
      <Execution id="62a8d187-6a0a-4f09-9cd2-4fca205fd990" />
      <TestMethod codeBase="C:/Users/sabau/Desktop/Conversii Logica Computationala/Conversii/ApplicationTests/bin/Debug/ApplicationTests.DLL" adapterTypeName="Microsoft.VisualStudio.TestTools.TestTypes.Unit.UnitTestAdapter, Microsoft.VisualStudio.QualityTools.Tips.UnitTest.Adapter, Version=10.0.0.0, Culture=neutral, PublicKeyToken=b03f5f7f11d50a3a" className="ApplicationTests.ArithmeticTest, ApplicationTests, Version=1.0.0.0, Culture=neutral, PublicKeyToken=null" name="computeMultiplicationTest" />
    </UnitTest>
    <UnitTest name="rapidConversionTest" storage="c:\users\sabau\desktop\conversii logica computationala\conversii\applicationtests\bin\debug\applicationtests.dll" id="a5f35e8e-293e-68f7-5dcb-1d7e4fe6bae6">
      <DeploymentItems>
        <DeploymentItem filename="Conversii.exe" />
      </DeploymentItems>
      <Execution id="7ddbe910-383b-491c-b624-c8ba0c19167b" />
      <TestMethod codeBase="C:/Users/sabau/Desktop/Conversii Logica Computationala/Conversii/ApplicationTests/bin/Debug/ApplicationTests.DLL" adapterTypeName="Microsoft.VisualStudio.TestTools.TestTypes.Unit.UnitTestAdapter, Microsoft.VisualStudio.QualityTools.Tips.UnitTest.Adapter, Version=10.0.0.0, Culture=neutral, PublicKeyToken=b03f5f7f11d50a3a" className="ApplicationTests.ConversionsTest, ApplicationTests, Version=1.0.0.0, Culture=neutral, PublicKeyToken=null" name="rapidConversionTest" />
    </UnitTest>
    <UnitTest name="getIntTest" storage="c:\users\sabau\desktop\conversii logica computationala\conversii\applicationtests\bin\debug\applicationtests.dll" id="8da5f0ff-5363-92fd-496d-3cbfca523cb9">
      <DeploymentItems>
        <DeploymentItem filename="Conversii.exe" />
      </DeploymentItems>
      <Execution id="cbe59855-f630-4b04-b720-326e2f0c3fae" />
      <TestMethod codeBase="C:/Users/sabau/Desktop/Conversii Logica Computationala/Conversii/ApplicationTests/bin/Debug/ApplicationTests.DLL" adapterTypeName="Microsoft.VisualStudio.TestTools.TestTypes.Unit.UnitTestAdapter, Microsoft.VisualStudio.QualityTools.Tips.UnitTest.Adapter, Version=10.0.0.0, Culture=neutral, PublicKeyToken=b03f5f7f11d50a3a" className="ApplicationTests.ConversionsTest, ApplicationTests, Version=1.0.0.0, Culture=neutral, PublicKeyToken=null" name="getIntTest" />
    </UnitTest>
    <UnitTest name="reversedStringTest" storage="c:\users\sabau\desktop\conversii logica computationala\conversii\applicationtests\bin\debug\applicationtests.dll" id="89a3f76a-9557-31ab-05ac-c30ddd1bb125">
      <DeploymentItems>
        <DeploymentItem filename="Conversii.exe" />
      </DeploymentItems>
      <Execution id="dbdd1a6e-9d9d-4bfa-b73a-83755d189757" />
      <TestMethod codeBase="C:/Users/sabau/Desktop/Conversii Logica Computationala/Conversii/ApplicationTests/bin/Debug/ApplicationTests.DLL" adapterTypeName="Microsoft.VisualStudio.TestTools.TestTypes.Unit.UnitTestAdapter, Microsoft.VisualStudio.QualityTools.Tips.UnitTest.Adapter, Version=10.0.0.0, Culture=neutral, PublicKeyToken=b03f5f7f11d50a3a" className="ApplicationTests.ArithmeticTest, ApplicationTests, Version=1.0.0.0, Culture=neutral, PublicKeyToken=null" name="reversedStringTest" />
    </UnitTest>
  </TestDefinitions>
  <TestLists>
    <TestList name="Results Not in a List" id="8c84fa94-04c1-424b-9868-57a2d4851a1d" />
    <TestList name="All Loaded Results" id="19431567-8539-422a-85d7-44ee4e166bda" />
  </TestLists>
  <TestEntries>
    <TestEntry testId="2873922c-3568-1e25-a9f6-79b11b5dd5a1" executionId="7d8c49f1-1ae7-4b62-bcfb-4c0ee036ba92" testListId="8c84fa94-04c1-424b-9868-57a2d4851a1d" />
    <TestEntry testId="47d8073a-57f8-b49d-9b39-3d946487a063" executionId="9190d7f8-564d-4ab7-9a3a-a032a27cbe86" testListId="8c84fa94-04c1-424b-9868-57a2d4851a1d" />
    <TestEntry testId="89a3f76a-9557-31ab-05ac-c30ddd1bb125" executionId="dbdd1a6e-9d9d-4bfa-b73a-83755d189757" testListId="8c84fa94-04c1-424b-9868-57a2d4851a1d" />
    <TestEntry testId="8da5f0ff-5363-92fd-496d-3cbfca523cb9" executionId="cbe59855-f630-4b04-b720-326e2f0c3fae" testListId="8c84fa94-04c1-424b-9868-57a2d4851a1d" />
    <TestEntry testId="8dbf2887-d3b8-a404-08fb-68c241a8f0af" executionId="62a8d187-6a0a-4f09-9cd2-4fca205fd990" testListId="8c84fa94-04c1-424b-9868-57a2d4851a1d" />
    <TestEntry testId="90802c43-5ea4-b56d-6691-035a0c49992f" executionId="41ed96b2-473c-4cb0-835e-1ff051cb8e01" testListId="8c84fa94-04c1-424b-9868-57a2d4851a1d" />
    <TestEntry testId="a0fa8fdb-c5aa-1e00-3fb5-acf0d7a54042" executionId="0dd3bbf8-8468-48a9-97f4-c81d542cdabb" testListId="8c84fa94-04c1-424b-9868-57a2d4851a1d" />
    <TestEntry testId="a5f35e8e-293e-68f7-5dcb-1d7e4fe6bae6" executionId="7ddbe910-383b-491c-b624-c8ba0c19167b" testListId="8c84fa94-04c1-424b-9868-57a2d4851a1d" />
    <TestEntry testId="bcdcf49c-8a4c-74b3-3564-f47aa9cfbf59" executionId="c3ab9080-dffb-4035-be8d-31a75f6aa75b" testListId="8c84fa94-04c1-424b-9868-57a2d4851a1d" />
    <TestEntry testId="c87b4183-b021-215b-baae-8aa8fe72f2c7" executionId="a54f455b-73d3-4e16-a975-963b3752a458" testListId="8c84fa94-04c1-424b-9868-57a2d4851a1d" />
    <TestEntry testId="d5d38560-7b0f-1787-7f0b-7f47f3114e52" executionId="d87bffe9-dc14-4674-8ae6-cb24d089e240" testListId="8c84fa94-04c1-424b-9868-57a2d4851a1d" />
  </TestEntries>
  <Results>
    <UnitTestResult executionId="7d8c49f1-1ae7-4b62-bcfb-4c0ee036ba92" testId="2873922c-3568-1e25-a9f6-79b11b5dd5a1" testName="successveDivisionsTest" computerName="DESKTOP-JU1GN0A" duration="00:00:00.0266071" startTime="2017-12-13T20:55:25.4186333+02:00" endTime="2017-12-13T20:55:25.5722965+02:00" testType="13cdc9d9-ddb5-4fa4-a97d-d965ccfc6d4b" outcome="Passed" testListId="8c84fa94-04c1-424b-9868-57a2d4851a1d" relativeResultsDirectory="7d8c49f1-1ae7-4b62-bcfb-4c0ee036ba92">
    </UnitTestResult>
    <UnitTestResult executionId="9190d7f8-564d-4ab7-9a3a-a032a27cbe86" testId="47d8073a-57f8-b49d-9b39-3d946487a063" testName="substitutionMethodTest" computerName="DESKTOP-JU1GN0A" duration="00:00:00.0084799" startTime="2017-12-13T20:55:25.5722965+02:00" endTime="2017-12-13T20:55:25.5879341+02:00" testType="13cdc9d9-ddb5-4fa4-a97d-d965ccfc6d4b" outcome="Passed" testListId="8c84fa94-04c1-424b-9868-57a2d4851a1d" relativeResultsDirectory="9190d7f8-564d-4ab7-9a3a-a032a27cbe86">
    </UnitTestResult>
    <UnitTestResult executionId="dbdd1a6e-9d9d-4bfa-b73a-83755d189757" testId="89a3f76a-9557-31ab-05ac-c30ddd1bb125" testName="reversedStringTest" computerName="DESKTOP-JU1GN0A" duration="00:00:00.0148292" startTime="2017-12-13T20:55:25.5879341+02:00" endTime="2017-12-13T20:55:25.6035504+02:00" testType="13cdc9d9-ddb5-4fa4-a97d-d965ccfc6d4b" outcome="Passed" testListId="8c84fa94-04c1-424b-9868-57a2d4851a1d" relativeResultsDirectory="dbdd1a6e-9d9d-4bfa-b73a-83755d189757">
    </UnitTestResult>
    <UnitTestResult executionId="cbe59855-f630-4b04-b720-326e2f0c3fae" testId="8da5f0ff-5363-92fd-496d-3cbfca523cb9" testName="getIntTest" computerName="DESKTOP-JU1GN0A" duration="00:00:00.0080808" startTime="2017-12-13T20:55:25.6035504+02:00" endTime="2017-12-13T20:55:25.6191739+02:00" testType="13cdc9d9-ddb5-4fa4-a97d-d965ccfc6d4b" outcome="Passed" testListId="8c84fa94-04c1-424b-9868-57a2d4851a1d" relativeResultsDirectory="cbe59855-f630-4b04-b720-326e2f0c3fae">
    </UnitTestResult>
    <UnitTestResult executionId="62a8d187-6a0a-4f09-9cd2-4fca205fd990" testId="8dbf2887-d3b8-a404-08fb-68c241a8f0af" testName="computeMultiplicationTest" computerName="DESKTOP-JU1GN0A" duration="00:00:00.0122714" startTime="2017-12-13T20:55:25.6191739+02:00" endTime="2017-12-13T20:55:25.6347995+02:00" testType="13cdc9d9-ddb5-4fa4-a97d-d965ccfc6d4b" outcome="Passed" testListId="8c84fa94-04c1-424b-9868-57a2d4851a1d" relativeResultsDirectory="62a8d187-6a0a-4f09-9cd2-4fca205fd990">
    </UnitTestResult>
    <UnitTestResult executionId="41ed96b2-473c-4cb0-835e-1ff051cb8e01" testId="90802c43-5ea4-b56d-6691-035a0c49992f" testName="getCharTest" computerName="DESKTOP-JU1GN0A" duration="00:00:00.0073657" startTime="2017-12-13T20:55:25.6347995+02:00" endTime="2017-12-13T20:55:25.6504235+02:00" testType="13cdc9d9-ddb5-4fa4-a97d-d965ccfc6d4b" outcome="Passed" testListId="8c84fa94-04c1-424b-9868-57a2d4851a1d" relativeResultsDirectory="41ed96b2-473c-4cb0-835e-1ff051cb8e01">
    </UnitTestResult>
    <UnitTestResult executionId="0dd3bbf8-8468-48a9-97f4-c81d542cdabb" testId="a0fa8fdb-c5aa-1e00-3fb5-acf0d7a54042" testName="fromBaseToBaseTest" computerName="DESKTOP-JU1GN0A" duration="00:00:00.0095023" startTime="2017-12-13T20:55:25.6504235+02:00" endTime="2017-12-13T20:55:25.6504235+02:00" testType="13cdc9d9-ddb5-4fa4-a97d-d965ccfc6d4b" outcome="Passed" testListId="8c84fa94-04c1-424b-9868-57a2d4851a1d" relativeResultsDirectory="0dd3bbf8-8468-48a9-97f4-c81d542cdabb">
    </UnitTestResult>
    <UnitTestResult executionId="7ddbe910-383b-491c-b624-c8ba0c19167b" testId="a5f35e8e-293e-68f7-5dcb-1d7e4fe6bae6" testName="rapidConversionTest" computerName="DESKTOP-JU1GN0A" duration="00:00:00.0079302" startTime="2017-12-13T20:55:25.6504235+02:00" endTime="2017-12-13T20:55:25.6720576+02:00" testType="13cdc9d9-ddb5-4fa4-a97d-d965ccfc6d4b" outcome="Passed" testListId="8c84fa94-04c1-424b-9868-57a2d4851a1d" relativeResultsDirectory="7ddbe910-383b-491c-b624-c8ba0c19167b">
    </UnitTestResult>
    <UnitTestResult executionId="c3ab9080-dffb-4035-be8d-31a75f6aa75b" testId="bcdcf49c-8a4c-74b3-3564-f47aa9cfbf59" testName="computeSubtractionTest" computerName="DESKTOP-JU1GN0A" duration="00:00:00.0095102" startTime="2017-12-13T20:55:25.6720576+02:00" endTime="2017-12-13T20:55:25.6880349+02:00" testType="13cdc9d9-ddb5-4fa4-a97d-d965ccfc6d4b" outcome="Passed" testListId="8c84fa94-04c1-424b-9868-57a2d4851a1d" relativeResultsDirectory="c3ab9080-dffb-4035-be8d-31a75f6aa75b">
    </UnitTestResult>
    <UnitTestResult executionId="a54f455b-73d3-4e16-a975-963b3752a458" testId="c87b4183-b021-215b-baae-8aa8fe72f2c7" testName="computeDivisionTest" computerName="DESKTOP-JU1GN0A" duration="00:00:00.0081270" startTime="2017-12-13T20:55:25.6880349+02:00" endTime="2017-12-13T20:55:25.6880349+02:00" testType="13cdc9d9-ddb5-4fa4-a97d-d965ccfc6d4b" outcome="Passed" testListId="8c84fa94-04c1-424b-9868-57a2d4851a1d" relativeResultsDirectory="a54f455b-73d3-4e16-a975-963b3752a458">
    </UnitTestResult>
    <UnitTestResult executionId="d87bffe9-dc14-4674-8ae6-cb24d089e240" testId="d5d38560-7b0f-1787-7f0b-7f47f3114e52" testName="computeAdditionTest" computerName="DESKTOP-JU1GN0A" duration="00:00:00.0095579" startTime="2017-12-13T20:55:25.6880349+02:00" endTime="2017-12-13T20:55:25.7036762+02:00" testType="13cdc9d9-ddb5-4fa4-a97d-d965ccfc6d4b" outcome="Passed" testListId="8c84fa94-04c1-424b-9868-57a2d4851a1d" relativeResultsDirectory="d87bffe9-dc14-4674-8ae6-cb24d089e240">
    </UnitTestResult>
  </Results>
</TestRun>