<?xml version="1.0" encoding="UTF-8"?>
<TestRun id="52a52d2c-0150-451c-9f70-2434e44c3ded" name="sabau@DESKTOP-JU1GN0A 2017-12-11 23:38:21" runUser="DESKTOP-JU1GN0A\sabau" xmlns="http://microsoft.com/schemas/VisualStudio/TeamTest/2010">
  <TestSettings name="Local" id="04f519bd-0779-4c26-ba76-d1c6d9f649cf">
    <Description>These are default test settings for a local test run.</Description>
    <Deployment enabled="false" runDeploymentRoot="sabau_DESKTOP-JU1GN0A 2017-12-11 23_38_21">
      <DeploymentItem filename="C:\Users\sabau\Desktop\Conversii Logica Computationala\Conversii\Conversii\bin\Debug\Conversii.exe" />
    </Deployment>
    <Execution>
      <TestTypeSpecific />
      <AgentRule name="Execution Agents">
      </AgentRule>
    </Execution>
  </TestSettings>
  <Times creation="2017-12-11T23:38:21.0803935+02:00" queuing="2017-12-11T23:38:21.0918276+02:00" start="2017-12-11T23:38:21.0958304+02:00" finish="2017-12-11T23:38:21.3959942+02:00" />
  <ResultSummary outcome="Failed">
    <Counters total="10" executed="10" passed="8" error="0" failed="2" timeout="0" aborted="0" inconclusive="0" passedButRunAborted="0" notRunnable="0" notExecuted="0" disconnected="0" warning="0" completed="0" inProgress="0" pending="0" />
    <RunInfos>
      <RunInfo computerName="DESKTOP-JU1GN0A" outcome="Warning" timestamp="2017-12-11T23:38:21.0918276+02:00">
        <Text>Deployment is currently disabled. The deployment item 'Conversii.exe' on test 'ApplicationTests.ArithmeticTest.computeAdditionTest' was not deployed.</Text>
      </RunInfo>
    </RunInfos>
  </ResultSummary>
  <TestDefinitions>
    <UnitTest name="computeAdditionTest" storage="c:\users\sabau\desktop\conversii logica computationala\conversii\applicationtests\bin\debug\applicationtests.dll" id="d5d38560-7b0f-1787-7f0b-7f47f3114e52">
      <DeploymentItems>
        <DeploymentItem filename="Conversii.exe" />
      </DeploymentItems>
      <Execution id="41f0086f-11ca-4e2d-92de-569f379f0ff5" />
      <TestMethod codeBase="C:/Users/sabau/Desktop/Conversii Logica Computationala/Conversii/ApplicationTests/bin/Debug/ApplicationTests.DLL" adapterTypeName="Microsoft.VisualStudio.TestTools.TestTypes.Unit.UnitTestAdapter, Microsoft.VisualStudio.QualityTools.Tips.UnitTest.Adapter, Version=10.0.0.0, Culture=neutral, PublicKeyToken=b03f5f7f11d50a3a" className="ApplicationTests.ArithmeticTest, ApplicationTests, Version=1.0.0.0, Culture=neutral, PublicKeyToken=null" name="computeAdditionTest" />
    </UnitTest>
    <UnitTest name="computeSubtractionTest" storage="c:\users\sabau\desktop\conversii logica computationala\conversii\applicationtests\bin\debug\applicationtests.dll" id="bcdcf49c-8a4c-74b3-3564-f47aa9cfbf59">
      <DeploymentItems>
        <DeploymentItem filename="Conversii.exe" />
      </DeploymentItems>
      <Execution id="876dd603-393b-462f-8ba7-3810e5f81db0" />
      <TestMethod codeBase="C:/Users/sabau/Desktop/Conversii Logica Computationala/Conversii/ApplicationTests/bin/Debug/ApplicationTests.DLL" adapterTypeName="Microsoft.VisualStudio.TestTools.TestTypes.Unit.UnitTestAdapter, Microsoft.VisualStudio.QualityTools.Tips.UnitTest.Adapter, Version=10.0.0.0, Culture=neutral, PublicKeyToken=b03f5f7f11d50a3a" className="ApplicationTests.ArithmeticTest, ApplicationTests, Version=1.0.0.0, Culture=neutral, PublicKeyToken=null" name="computeSubtractionTest" />
    </UnitTest>
    <UnitTest name="getCharTest" storage="c:\users\sabau\desktop\conversii logica computationala\conversii\applicationtests\bin\debug\applicationtests.dll" id="90802c43-5ea4-b56d-6691-035a0c49992f">
      <DeploymentItems>
        <DeploymentItem filename="Conversii.exe" />
      </DeploymentItems>
      <Execution id="1c29108a-67d1-4be1-9814-56580eff3a72" />
      <TestMethod codeBase="C:/Users/sabau/Desktop/Conversii Logica Computationala/Conversii/ApplicationTests/bin/Debug/ApplicationTests.DLL" adapterTypeName="Microsoft.VisualStudio.TestTools.TestTypes.Unit.UnitTestAdapter, Microsoft.VisualStudio.QualityTools.Tips.UnitTest.Adapter, Version=10.0.0.0, Culture=neutral, PublicKeyToken=b03f5f7f11d50a3a" className="ApplicationTests.ConversionsTest, ApplicationTests, Version=1.0.0.0, Culture=neutral, PublicKeyToken=null" name="getCharTest" />
    </UnitTest>
    <UnitTest name="substitutionMethodTest" storage="c:\users\sabau\desktop\conversii logica computationala\conversii\applicationtests\bin\debug\applicationtests.dll" id="47d8073a-57f8-b49d-9b39-3d946487a063">
      <DeploymentItems>
        <DeploymentItem filename="Conversii.exe" />
      </DeploymentItems>
      <Execution id="f6b4edbf-af78-4788-9c2c-816e09093d70" />
      <TestMethod codeBase="C:/Users/sabau/Desktop/Conversii Logica Computationala/Conversii/ApplicationTests/bin/Debug/ApplicationTests.DLL" adapterTypeName="Microsoft.VisualStudio.TestTools.TestTypes.Unit.UnitTestAdapter, Microsoft.VisualStudio.QualityTools.Tips.UnitTest.Adapter, Version=10.0.0.0, Culture=neutral, PublicKeyToken=b03f5f7f11d50a3a" className="ApplicationTests.ConversionsTest, ApplicationTests, Version=1.0.0.0, Culture=neutral, PublicKeyToken=null" name="substitutionMethodTest" />
    </UnitTest>
    <UnitTest name="fromBaseToBaseTest" storage="c:\users\sabau\desktop\conversii logica computationala\conversii\applicationtests\bin\debug\applicationtests.dll" id="a0fa8fdb-c5aa-1e00-3fb5-acf0d7a54042">
      <DeploymentItems>
        <DeploymentItem filename="Conversii.exe" />
      </DeploymentItems>
      <Execution id="040667a7-4a70-456e-a4d3-af8c98fd5805" />
      <TestMethod codeBase="C:/Users/sabau/Desktop/Conversii Logica Computationala/Conversii/ApplicationTests/bin/Debug/ApplicationTests.DLL" adapterTypeName="Microsoft.VisualStudio.TestTools.TestTypes.Unit.UnitTestAdapter, Microsoft.VisualStudio.QualityTools.Tips.UnitTest.Adapter, Version=10.0.0.0, Culture=neutral, PublicKeyToken=b03f5f7f11d50a3a" className="ApplicationTests.ConversionsTest, ApplicationTests, Version=1.0.0.0, Culture=neutral, PublicKeyToken=null" name="fromBaseToBaseTest" />
    </UnitTest>
    <UnitTest name="computeDivisionTest" storage="c:\users\sabau\desktop\conversii logica computationala\conversii\applicationtests\bin\debug\applicationtests.dll" id="c87b4183-b021-215b-baae-8aa8fe72f2c7">
      <DeploymentItems>
        <DeploymentItem filename="Conversii.exe" />
      </DeploymentItems>
      <Execution id="7277a279-a281-4370-b513-04f0eb28e1b2" />
      <TestMethod codeBase="C:/Users/sabau/Desktop/Conversii Logica Computationala/Conversii/ApplicationTests/bin/Debug/ApplicationTests.DLL" adapterTypeName="Microsoft.VisualStudio.TestTools.TestTypes.Unit.UnitTestAdapter, Microsoft.VisualStudio.QualityTools.Tips.UnitTest.Adapter, Version=10.0.0.0, Culture=neutral, PublicKeyToken=b03f5f7f11d50a3a" className="ApplicationTests.ArithmeticTest, ApplicationTests, Version=1.0.0.0, Culture=neutral, PublicKeyToken=null" name="computeDivisionTest" />
    </UnitTest>
    <UnitTest name="computeMultiplicationTest" storage="c:\users\sabau\desktop\conversii logica computationala\conversii\applicationtests\bin\debug\applicationtests.dll" id="8dbf2887-d3b8-a404-08fb-68c241a8f0af">
      <DeploymentItems>
        <DeploymentItem filename="Conversii.exe" />
      </DeploymentItems>
      <Execution id="dd5d1035-43da-4d98-bae6-fc23455cfa1f" />
      <TestMethod codeBase="C:/Users/sabau/Desktop/Conversii Logica Computationala/Conversii/ApplicationTests/bin/Debug/ApplicationTests.DLL" adapterTypeName="Microsoft.VisualStudio.TestTools.TestTypes.Unit.UnitTestAdapter, Microsoft.VisualStudio.QualityTools.Tips.UnitTest.Adapter, Version=10.0.0.0, Culture=neutral, PublicKeyToken=b03f5f7f11d50a3a" className="ApplicationTests.ArithmeticTest, ApplicationTests, Version=1.0.0.0, Culture=neutral, PublicKeyToken=null" name="computeMultiplicationTest" />
    </UnitTest>
    <UnitTest name="rapidConversionTest" storage="c:\users\sabau\desktop\conversii logica computationala\conversii\applicationtests\bin\debug\applicationtests.dll" id="a5f35e8e-293e-68f7-5dcb-1d7e4fe6bae6">
      <DeploymentItems>
        <DeploymentItem filename="Conversii.exe" />
      </DeploymentItems>
      <Execution id="5967202d-3738-450e-8245-1e91bce72d41" />
      <TestMethod codeBase="C:/Users/sabau/Desktop/Conversii Logica Computationala/Conversii/ApplicationTests/bin/Debug/ApplicationTests.DLL" adapterTypeName="Microsoft.VisualStudio.TestTools.TestTypes.Unit.UnitTestAdapter, Microsoft.VisualStudio.QualityTools.Tips.UnitTest.Adapter, Version=10.0.0.0, Culture=neutral, PublicKeyToken=b03f5f7f11d50a3a" className="ApplicationTests.ConversionsTest, ApplicationTests, Version=1.0.0.0, Culture=neutral, PublicKeyToken=null" name="rapidConversionTest" />
    </UnitTest>
    <UnitTest name="getIntTest" storage="c:\users\sabau\desktop\conversii logica computationala\conversii\applicationtests\bin\debug\applicationtests.dll" id="8da5f0ff-5363-92fd-496d-3cbfca523cb9">
      <DeploymentItems>
        <DeploymentItem filename="Conversii.exe" />
      </DeploymentItems>
      <Execution id="fd5cdfe7-57e8-4aee-8478-c8f71eabe4e8" />
      <TestMethod codeBase="C:/Users/sabau/Desktop/Conversii Logica Computationala/Conversii/ApplicationTests/bin/Debug/ApplicationTests.DLL" adapterTypeName="Microsoft.VisualStudio.TestTools.TestTypes.Unit.UnitTestAdapter, Microsoft.VisualStudio.QualityTools.Tips.UnitTest.Adapter, Version=10.0.0.0, Culture=neutral, PublicKeyToken=b03f5f7f11d50a3a" className="ApplicationTests.ConversionsTest, ApplicationTests, Version=1.0.0.0, Culture=neutral, PublicKeyToken=null" name="getIntTest" />
    </UnitTest>
    <UnitTest name="reversedStringTest" storage="c:\users\sabau\desktop\conversii logica computationala\conversii\applicationtests\bin\debug\applicationtests.dll" id="89a3f76a-9557-31ab-05ac-c30ddd1bb125">
      <DeploymentItems>
        <DeploymentItem filename="Conversii.exe" />
      </DeploymentItems>
      <Execution id="5532b243-8060-44d8-9ce1-2d6e2717fc6b" />
      <TestMethod codeBase="C:/Users/sabau/Desktop/Conversii Logica Computationala/Conversii/ApplicationTests/bin/Debug/ApplicationTests.DLL" adapterTypeName="Microsoft.VisualStudio.TestTools.TestTypes.Unit.UnitTestAdapter, Microsoft.VisualStudio.QualityTools.Tips.UnitTest.Adapter, Version=10.0.0.0, Culture=neutral, PublicKeyToken=b03f5f7f11d50a3a" className="ApplicationTests.ArithmeticTest, ApplicationTests, Version=1.0.0.0, Culture=neutral, PublicKeyToken=null" name="reversedStringTest" />
    </UnitTest>
  </TestDefinitions>
  <TestLists>
    <TestList name="Results Not in a List" id="8c84fa94-04c1-424b-9868-57a2d4851a1d" />
    <TestList name="All Loaded Results" id="19431567-8539-422a-85d7-44ee4e166bda" />
  </TestLists>
  <TestEntries>
    <TestEntry testId="47d8073a-57f8-b49d-9b39-3d946487a063" executionId="f6b4edbf-af78-4788-9c2c-816e09093d70" testListId="8c84fa94-04c1-424b-9868-57a2d4851a1d" />
    <TestEntry testId="89a3f76a-9557-31ab-05ac-c30ddd1bb125" executionId="5532b243-8060-44d8-9ce1-2d6e2717fc6b" testListId="8c84fa94-04c1-424b-9868-57a2d4851a1d" />
    <TestEntry testId="8da5f0ff-5363-92fd-496d-3cbfca523cb9" executionId="fd5cdfe7-57e8-4aee-8478-c8f71eabe4e8" testListId="8c84fa94-04c1-424b-9868-57a2d4851a1d" />
    <TestEntry testId="8dbf2887-d3b8-a404-08fb-68c241a8f0af" executionId="dd5d1035-43da-4d98-bae6-fc23455cfa1f" testListId="8c84fa94-04c1-424b-9868-57a2d4851a1d" />
    <TestEntry testId="90802c43-5ea4-b56d-6691-035a0c49992f" executionId="1c29108a-67d1-4be1-9814-56580eff3a72" testListId="8c84fa94-04c1-424b-9868-57a2d4851a1d" />
    <TestEntry testId="a0fa8fdb-c5aa-1e00-3fb5-acf0d7a54042" executionId="040667a7-4a70-456e-a4d3-af8c98fd5805" testListId="8c84fa94-04c1-424b-9868-57a2d4851a1d" />
    <TestEntry testId="a5f35e8e-293e-68f7-5dcb-1d7e4fe6bae6" executionId="5967202d-3738-450e-8245-1e91bce72d41" testListId="8c84fa94-04c1-424b-9868-57a2d4851a1d" />
    <TestEntry testId="bcdcf49c-8a4c-74b3-3564-f47aa9cfbf59" executionId="876dd603-393b-462f-8ba7-3810e5f81db0" testListId="8c84fa94-04c1-424b-9868-57a2d4851a1d" />
    <TestEntry testId="c87b4183-b021-215b-baae-8aa8fe72f2c7" executionId="7277a279-a281-4370-b513-04f0eb28e1b2" testListId="8c84fa94-04c1-424b-9868-57a2d4851a1d" />
    <TestEntry testId="d5d38560-7b0f-1787-7f0b-7f47f3114e52" executionId="41f0086f-11ca-4e2d-92de-569f379f0ff5" testListId="8c84fa94-04c1-424b-9868-57a2d4851a1d" />
  </TestEntries>
  <Results>
    <UnitTestResult executionId="f6b4edbf-af78-4788-9c2c-816e09093d70" testId="47d8073a-57f8-b49d-9b39-3d946487a063" testName="substitutionMethodTest" computerName="DESKTOP-JU1GN0A" duration="00:00:00.0257214" startTime="2017-12-11T23:38:21.0968320+02:00" endTime="2017-12-11T23:38:21.2521872+02:00" testType="13cdc9d9-ddb5-4fa4-a97d-d965ccfc6d4b" outcome="Passed" testListId="8c84fa94-04c1-424b-9868-57a2d4851a1d" relativeResultsDirectory="f6b4edbf-af78-4788-9c2c-816e09093d70">
    </UnitTestResult>
    <UnitTestResult executionId="5532b243-8060-44d8-9ce1-2d6e2717fc6b" testId="89a3f76a-9557-31ab-05ac-c30ddd1bb125" testName="reversedStringTest" computerName="DESKTOP-JU1GN0A" duration="00:00:00.0132954" startTime="2017-12-11T23:38:21.2531882+02:00" endTime="2017-12-11T23:38:21.2691993+02:00" testType="13cdc9d9-ddb5-4fa4-a97d-d965ccfc6d4b" outcome="Passed" testListId="8c84fa94-04c1-424b-9868-57a2d4851a1d" relativeResultsDirectory="5532b243-8060-44d8-9ce1-2d6e2717fc6b">
    </UnitTestResult>
    <UnitTestResult executionId="fd5cdfe7-57e8-4aee-8478-c8f71eabe4e8" testId="8da5f0ff-5363-92fd-496d-3cbfca523cb9" testName="getIntTest" computerName="DESKTOP-JU1GN0A" duration="00:00:00.0093417" startTime="2017-12-11T23:38:21.2702003+02:00" endTime="2017-12-11T23:38:21.2822089+02:00" testType="13cdc9d9-ddb5-4fa4-a97d-d965ccfc6d4b" outcome="Passed" testListId="8c84fa94-04c1-424b-9868-57a2d4851a1d" relativeResultsDirectory="fd5cdfe7-57e8-4aee-8478-c8f71eabe4e8">
    </UnitTestResult>
    <UnitTestResult executionId="dd5d1035-43da-4d98-bae6-fc23455cfa1f" testId="8dbf2887-d3b8-a404-08fb-68c241a8f0af" testName="computeMultiplicationTest" computerName="DESKTOP-JU1GN0A" duration="00:00:00.0176798" startTime="2017-12-11T23:38:21.2832093+02:00" endTime="2017-12-11T23:38:21.3042243+02:00" testType="13cdc9d9-ddb5-4fa4-a97d-d965ccfc6d4b" outcome="Failed" testListId="8c84fa94-04c1-424b-9868-57a2d4851a1d" relativeResultsDirectory="dd5d1035-43da-4d98-bae6-fc23455cfa1f">
      <Output>
        <ErrorInfo>
          <Message>Assert.AreEqual failed. Expected:&lt;8B97523&gt;. Actual:&lt;ABCDEF&gt;. </Message>
          <StackTrace>   at ApplicationTests.ArithmeticTest.computeMultiplicationTest() in C:\Users\sabau\Desktop\Conversii Logica Computationala\Conversii\ApplicationTests\ArithmeticTest.cs:line 107
</StackTrace>
        </ErrorInfo>
      </Output>
    </UnitTestResult>
    <UnitTestResult executionId="1c29108a-67d1-4be1-9814-56580eff3a72" testId="90802c43-5ea4-b56d-6691-035a0c49992f" testName="getCharTest" computerName="DESKTOP-JU1GN0A" duration="00:00:00.0094229" startTime="2017-12-11T23:38:21.3052250+02:00" endTime="2017-12-11T23:38:21.3167674+02:00" testType="13cdc9d9-ddb5-4fa4-a97d-d965ccfc6d4b" outcome="Passed" testListId="8c84fa94-04c1-424b-9868-57a2d4851a1d" relativeResultsDirectory="1c29108a-67d1-4be1-9814-56580eff3a72">
    </UnitTestResult>
    <UnitTestResult executionId="040667a7-4a70-456e-a4d3-af8c98fd5805" testId="a0fa8fdb-c5aa-1e00-3fb5-acf0d7a54042" testName="fromBaseToBaseTest" computerName="DESKTOP-JU1GN0A" duration="00:00:00.0086677" startTime="2017-12-11T23:38:21.3177521+02:00" endTime="2017-12-11T23:38:21.3297592+02:00" testType="13cdc9d9-ddb5-4fa4-a97d-d965ccfc6d4b" outcome="Passed" testListId="8c84fa94-04c1-424b-9868-57a2d4851a1d" relativeResultsDirectory="040667a7-4a70-456e-a4d3-af8c98fd5805">
    </UnitTestResult>
    <UnitTestResult executionId="5967202d-3738-450e-8245-1e91bce72d41" testId="a5f35e8e-293e-68f7-5dcb-1d7e4fe6bae6" testName="rapidConversionTest" computerName="DESKTOP-JU1GN0A" duration="00:00:00.0087990" startTime="2017-12-11T23:38:21.3307599+02:00" endTime="2017-12-11T23:38:21.3419642+02:00" testType="13cdc9d9-ddb5-4fa4-a97d-d965ccfc6d4b" outcome="Passed" testListId="8c84fa94-04c1-424b-9868-57a2d4851a1d" relativeResultsDirectory="5967202d-3738-450e-8245-1e91bce72d41">
    </UnitTestResult>
    <UnitTestResult executionId="876dd603-393b-462f-8ba7-3810e5f81db0" testId="bcdcf49c-8a4c-74b3-3564-f47aa9cfbf59" testName="computeSubtractionTest" computerName="DESKTOP-JU1GN0A" duration="00:00:00.0146019" startTime="2017-12-11T23:38:21.3429755+02:00" endTime="2017-12-11T23:38:21.3599725+02:00" testType="13cdc9d9-ddb5-4fa4-a97d-d965ccfc6d4b" outcome="Failed" testListId="8c84fa94-04c1-424b-9868-57a2d4851a1d" relativeResultsDirectory="876dd603-393b-462f-8ba7-3810e5f81db0">
      <Output>
        <ErrorInfo>
          <Message>Test method ApplicationTests.ArithmeticTest.computeSubtractionTest threw exception: 
System.IndexOutOfRangeException: Index was outside the bounds of the array.</Message>
          <StackTrace>   at Conversii.Arithmetic_Accessor.computeSubtraction(String x, String digit, Int32 bNum)
   at ApplicationTests.ArithmeticTest.computeSubtractionTest() in C:\Users\sabau\Desktop\Conversii Logica Computationala\Conversii\ApplicationTests\ArithmeticTest.cs:line 125
</StackTrace>
        </ErrorInfo>
      </Output>
    </UnitTestResult>
    <UnitTestResult executionId="7277a279-a281-4370-b513-04f0eb28e1b2" testId="c87b4183-b021-215b-baae-8aa8fe72f2c7" testName="computeDivisionTest" computerName="DESKTOP-JU1GN0A" duration="00:00:00.0099576" startTime="2017-12-11T23:38:21.3609723+02:00" endTime="2017-12-11T23:38:21.3739937+02:00" testType="13cdc9d9-ddb5-4fa4-a97d-d965ccfc6d4b" outcome="Passed" testListId="8c84fa94-04c1-424b-9868-57a2d4851a1d" relativeResultsDirectory="7277a279-a281-4370-b513-04f0eb28e1b2">
    </UnitTestResult>
    <UnitTestResult executionId="41f0086f-11ca-4e2d-92de-569f379f0ff5" testId="d5d38560-7b0f-1787-7f0b-7f47f3114e52" testName="computeAdditionTest" computerName="DESKTOP-JU1GN0A" duration="00:00:00.0089161" startTime="2017-12-11T23:38:21.3749823+02:00" endTime="2017-12-11T23:38:21.3859874+02:00" testType="13cdc9d9-ddb5-4fa4-a97d-d965ccfc6d4b" outcome="Passed" testListId="8c84fa94-04c1-424b-9868-57a2d4851a1d" relativeResultsDirectory="41f0086f-11ca-4e2d-92de-569f379f0ff5">
    </UnitTestResult>
  </Results>
</TestRun>